<device>
    <name>KVM_Test</name>
    <capability type="system">
        <hardware>
            <vendor>Libvirt</vendor>
            <version>Test Driver</version>
            <serial>111333</serial>
            <uuid>11111111-2222-3333-4444-555555555555</uuid>
        </hardware>
        <firmware>
            <vendor>Libvirt</vendor>
            <version>Test Driver</version>
            <release_date>02/16/2016</release_date>
        </firmware>
    </capability>
</device>